<?xml version="1.0" encoding="UTF-8"?>
<testsuite xmlns:xsi="http://www.w3.org/2001/XMLSchema-instance" xsi:noNamespaceSchemaLocation="https://maven.apache.org/surefire/maven-surefire-plugin/xsd/surefire-test-report-3.0.xsd" version="3.0" name="com.epam.brest2019.courses.TicketTest" time="0.12" tests="4" errors="0" skipped="0" failures="0">
  <properties>
[...]
</properties>
  <testcase name="getDirection" classname="com.epam.brest2019.courses.TicketTest" time="0.005"/>
  <testcase name="getDataTime" classname="com.epam.brest2019.courses.TicketTest" time="0.001"/>
  <testcase name="getTicketId" classname="com.epam.brest2019.courses.TicketTest" time="0"/>
  <testcase name="getCost" classname="com.epam.brest2019.courses.TicketTest" time="0.005"/>
</testsuite>